<?xml version="1.0" encoding="UTF-8"?>
<!-- Generated by org.testng.reporters.JUnitReportReporter -->
<testsuite hostname="DESKTOP-6DIVC0R" failures="0" tests="1" name="example.NewTest" time="18.298" errors="0" timestamp="22 Nov 2021 20:08:06 GMT">
  <testcase classname="example.NewTest" name="Easy" time="18.298"/>
</testsuite> <!-- example.NewTest -->
